<?xml version="1.0" encoding="UTF-8"?>
<coverage generated="1684252699256" clover="3.2.0">
  <project timestamp="1684252699256" name="All files">
    <metrics statements="11" coveredstatements="11" conditionals="3" coveredconditionals="2" methods="7" coveredmethods="7" elements="21" coveredelements="20" complexity="0" loc="11" ncloc="11" packages="1" files="1" classes="1"/>
    <file name="todolist.tsx" path="/Users/kimseunghwan/Desktop/frondend-tdd/src/pages/week3/todolist.tsx">
      <metrics statements="11" coveredstatements="11" conditionals="3" coveredconditionals="2" methods="7" coveredmethods="7"/>
      <line num="1" count="1" type="stmt"/>
      <line num="3" count="1" type="stmt"/>
      <line num="4" count="39" type="stmt"/>
      <line num="5" count="39" type="stmt"/>
      <line num="11" count="13" type="stmt"/>
      <line num="17" count="12" type="cond" truecount="0" falsecount="1"/>
      <line num="18" count="12" type="stmt"/>
      <line num="19" count="12" type="stmt"/>
      <line num="28" count="18" type="stmt"/>
      <line num="34" count="2" type="stmt"/>
      <line num="45" count="12" type="stmt"/>
    </file>
  </project>
</coverage>
