{"/Users/kimseunghwan/Desktop/frondend-tdd/src/pages/week4/week4.tsx": {"path":"/Users/kimseunghwan/Desktop/frondend-tdd/src/pages/week4/week4.tsx","statementMap":{"0":{"start":{"line":70,"column":0},"end":{"line":70,"column":15}},"1":{"start":{"line":1,"column":38},"end":{"line":1,"column":null}},"2":{"start":{"line":2,"column":41},"end":{"line":2,"column":null}},"3":{"start":{"line":4,"column":15},"end":{"line":69,"column":null}},"4":{"start":{"line":5,"column":26},"end":{"line":5,"column":null}},"5":{"start":{"line":6,"column":28},"end":{"line":6,"column":null}},"6":{"start":{"line":7,"column":40},"end":{"line":7,"column":null}},"7":{"start":{"line":8,"column":42},"end":{"line":8,"column":null}},"8":{"start":{"line":10,"column":24},"end":{"line":10,"column":null}},"9":{"start":{"line":11,"column":40},"end":{"line":11,"column":null}},"10":{"start":{"line":13,"column":29},"end":{"line":16,"column":null}},"11":{"start":{"line":14,"column":25},"end":{"line":14,"column":null}},"12":{"start":{"line":15,"column":4},"end":{"line":15,"column":null}},"13":{"start":{"line":17,"column":23},"end":{"line":21,"column":null}},"14":{"start":{"line":18,"column":18},"end":{"line":18,"column":32}},"15":{"start":{"line":19,"column":4},"end":{"line":19,"column":null}},"16":{"start":{"line":20,"column":4},"end":{"line":20,"column":null}},"17":{"start":{"line":22,"column":24},"end":{"line":27,"column":null}},"18":{"start":{"line":23,"column":18},"end":{"line":23,"column":32}},"19":{"start":{"line":24,"column":20},"end":{"line":24,"column":null}},"20":{"start":{"line":25,"column":4},"end":{"line":25,"column":null}},"21":{"start":{"line":26,"column":4},"end":{"line":26,"column":null}},"22":{"start":{"line":28,"column":40},"end":{"line":32,"column":null}},"23":{"start":{"line":29,"column":17},"end":{"line":29,"column":null}},"24":{"start":{"line":30,"column":4},"end":{"line":30,"column":null}},"25":{"start":{"line":31,"column":4},"end":{"line":31,"column":null}},"26":{"start":{"line":31,"column":26},"end":{"line":31,"column":null}},"27":{"start":{"line":33,"column":31},"end":{"line":36,"column":null}},"28":{"start":{"line":34,"column":17},"end":{"line":34,"column":null}},"29":{"start":{"line":35,"column":4},"end":{"line":35,"column":null}},"30":{"start":{"line":70,"column":15},"end":{"line":70,"column":null}}},"fnMap":{"0":{"name":"(anonymous_1)","decl":{"start":{"line":4,"column":15},"end":{"line":4,"column":21}},"loc":{"start":{"line":4,"column":21},"end":{"line":69,"column":null}}},"1":{"name":"(anonymous_2)","decl":{"start":{"line":13,"column":29},"end":{"line":13,"column":30}},"loc":{"start":{"line":13,"column":48},"end":{"line":16,"column":null}}},"2":{"name":"(anonymous_3)","decl":{"start":{"line":17,"column":23},"end":{"line":17,"column":24}},"loc":{"start":{"line":17,"column":61},"end":{"line":21,"column":null}}},"3":{"name":"(anonymous_4)","decl":{"start":{"line":22,"column":24},"end":{"line":22,"column":25}},"loc":{"start":{"line":22,"column":62},"end":{"line":27,"column":null}}},"4":{"name":"(anonymous_5)","decl":{"start":{"line":28,"column":40},"end":{"line":28,"column":46}},"loc":{"start":{"line":28,"column":46},"end":{"line":32,"column":null}}},"5":{"name":"(anonymous_6)","decl":{"start":{"line":33,"column":31},"end":{"line":33,"column":37}},"loc":{"start":{"line":33,"column":37},"end":{"line":36,"column":null}}}},"branchMap":{"0":{"loc":{"start":{"line":31,"column":4},"end":{"line":31,"column":null}},"type":"if","locations":[{"start":{"line":31,"column":4},"end":{"line":31,"column":null}}]},"1":{"loc":{"start":{"line":61,"column":18},"end":{"line":61,"column":null}},"type":"binary-expr","locations":[{"start":{"line":61,"column":18},"end":{"line":61,"column":34}},{"start":{"line":61,"column":34},"end":{"line":61,"column":null}}]}},"s":{"0":3,"1":1,"2":1,"3":1,"4":14,"5":14,"6":14,"7":14,"8":14,"9":14,"10":14,"11":3,"12":3,"13":14,"14":3,"15":3,"16":3,"17":14,"18":3,"19":3,"20":3,"21":3,"22":14,"23":3,"24":3,"25":3,"26":3,"27":14,"28":2,"29":2,"30":1},"f":{"0":14,"1":3,"2":3,"3":3,"4":3,"5":2},"b":{"0":[3],"1":[14,8]}}
,"/Users/kimseunghwan/Desktop/frondend-tdd/utils/api.ts": {"path":"/Users/kimseunghwan/Desktop/frondend-tdd/utils/api.ts","statementMap":{"0":{"start":{"line":1,"column":16},"end":{"line":1,"column":29}},"1":{"start":{"line":4,"column":16},"end":{"line":4,"column":25}},"2":{"start":{"line":2,"column":2},"end":{"line":2,"column":null}},"3":{"start":{"line":5,"column":2},"end":{"line":5,"column":null}}},"fnMap":{"0":{"name":"emailValidApi","decl":{"start":{"line":1,"column":16},"end":{"line":1,"column":29}},"loc":{"start":{"line":1,"column":32},"end":{"line":3,"column":null}}},"1":{"name":"signupApi","decl":{"start":{"line":4,"column":16},"end":{"line":4,"column":25}},"loc":{"start":{"line":4,"column":28},"end":{"line":6,"column":null}}}},"branchMap":{},"s":{"0":1,"1":1,"2":0,"3":0},"f":{"0":0,"1":0},"b":{}}
}
