{"/Users/kimseunghwan/Desktop/frondend-tdd/src/pages/week3/todolist.tsx": {"path":"/Users/kimseunghwan/Desktop/frondend-tdd/src/pages/week3/todolist.tsx","statementMap":{"0":{"start":{"line":45,"column":0},"end":{"line":45,"column":15}},"1":{"start":{"line":1,"column":25},"end":{"line":1,"column":null}},"2":{"start":{"line":3,"column":17},"end":{"line":44,"column":null}},"3":{"start":{"line":4,"column":34},"end":{"line":4,"column":null}},"4":{"start":{"line":5,"column":26},"end":{"line":5,"column":null}},"5":{"start":{"line":11,"column":25},"end":{"line":11,"column":null}},"6":{"start":{"line":17,"column":10},"end":{"line":17,"column":null}},"7":{"start":{"line":17,"column":21},"end":{"line":17,"column":null}},"8":{"start":{"line":18,"column":10},"end":{"line":18,"column":null}},"9":{"start":{"line":19,"column":10},"end":{"line":19,"column":null}},"10":{"start":{"line":28,"column":14},"end":{"line":28,"column":36}},"11":{"start":{"line":34,"column":20},"end":{"line":34,"column":null}},"12":{"start":{"line":34,"column":42},"end":{"line":34,"column":null}},"13":{"start":{"line":34,"column":62},"end":{"line":34,"column":null}},"14":{"start":{"line":45,"column":15},"end":{"line":45,"column":null}}},"fnMap":{"0":{"name":"(anonymous_1)","decl":{"start":{"line":3,"column":17},"end":{"line":3,"column":23}},"loc":{"start":{"line":3,"column":23},"end":{"line":44,"column":null}}},"1":{"name":"(anonymous_2)","decl":{"start":{"line":11,"column":18},"end":{"line":11,"column":19}},"loc":{"start":{"line":11,"column":25},"end":{"line":11,"column":null}}},"2":{"name":"(anonymous_3)","decl":{"start":{"line":16,"column":17},"end":{"line":16,"column":23}},"loc":{"start":{"line":16,"column":23},"end":{"line":20,"column":null}}},"3":{"name":"(anonymous_4)","decl":{"start":{"line":27,"column":25},"end":{"line":27,"column":26}},"loc":{"start":{"line":28,"column":14},"end":{"line":28,"column":36}}},"4":{"name":"(anonymous_5)","decl":{"start":{"line":33,"column":27},"end":{"line":33,"column":null}},"loc":{"start":{"line":34,"column":20},"end":{"line":34,"column":null}}},"5":{"name":"(anonymous_6)","decl":{"start":{"line":34,"column":32},"end":{"line":34,"column":33}},"loc":{"start":{"line":34,"column":42},"end":{"line":34,"column":null}}},"6":{"name":"(anonymous_7)","decl":{"start":{"line":34,"column":54},"end":{"line":34,"column":55}},"loc":{"start":{"line":34,"column":62},"end":{"line":34,"column":null}}}},"branchMap":{"0":{"loc":{"start":{"line":17,"column":10},"end":{"line":17,"column":null}},"type":"if","locations":[{"start":{"line":17,"column":10},"end":{"line":17,"column":null}}]},"1":{"loc":{"start":{"line":25,"column":9},"end":{"line":28,"column":36}},"type":"cond-expr","locations":[{"start":{"line":26,"column":12},"end":{"line":26,"column":null}},{"start":{"line":27,"column":12},"end":{"line":28,"column":36}}]}},"s":{"0":12,"1":1,"2":1,"3":39,"4":39,"5":13,"6":12,"7":0,"8":12,"9":12,"10":18,"11":2,"12":2,"13":2,"14":1},"f":{"0":39,"1":13,"2":12,"3":18,"4":2,"5":2,"6":2},"b":{"0":[0],"1":[25,14]}}
}
