TN:
SF:src/pages/week4/week4.tsx
FN:4,(anonymous_1)
FN:13,(anonymous_2)
FN:17,(anonymous_3)
FN:22,(anonymous_4)
FN:28,(anonymous_5)
FN:33,(anonymous_6)
FNF:6
FNH:6
FNDA:14,(anonymous_1)
FNDA:3,(anonymous_2)
FNDA:3,(anonymous_3)
FNDA:3,(anonymous_4)
FNDA:3,(anonymous_5)
FNDA:2,(anonymous_6)
DA:1,1
DA:2,1
DA:4,1
DA:5,14
DA:6,14
DA:7,14
DA:8,14
DA:10,14
DA:11,14
DA:13,14
DA:14,3
DA:15,3
DA:17,14
DA:18,3
DA:19,3
DA:20,3
DA:22,14
DA:23,3
DA:24,3
DA:25,3
DA:26,3
DA:28,14
DA:29,3
DA:30,3
DA:31,3
DA:33,14
DA:34,2
DA:35,2
DA:70,3
LF:29
LH:29
BRDA:31,0,0,3
BRDA:61,1,0,14
BRDA:61,1,1,8
BRF:3
BRH:3
end_of_record
TN:
SF:utils/api.ts
FN:1,emailValidApi
FN:4,signupApi
FNF:2
FNH:0
FNDA:0,emailValidApi
FNDA:0,signupApi
DA:1,1
DA:2,0
DA:4,1
DA:5,0
LF:4
LH:2
BRF:0
BRH:0
end_of_record
