TN:
SF:src/pages/week3/todolist.tsx
FN:3,(anonymous_1)
FN:11,(anonymous_2)
FN:16,(anonymous_3)
FN:27,(anonymous_4)
FN:33,(anonymous_5)
FN:34,(anonymous_6)
FN:34,(anonymous_7)
FNF:7
FNH:7
FNDA:39,(anonymous_1)
FNDA:13,(anonymous_2)
FNDA:12,(anonymous_3)
FNDA:18,(anonymous_4)
FNDA:2,(anonymous_5)
FNDA:2,(anonymous_6)
FNDA:2,(anonymous_7)
DA:1,1
DA:3,1
DA:4,39
DA:5,39
DA:11,13
DA:17,12
DA:18,12
DA:19,12
DA:28,18
DA:34,2
DA:45,12
LF:11
LH:11
BRDA:17,0,0,0
BRDA:25,1,0,25
BRDA:25,1,1,14
BRF:3
BRH:2
end_of_record
